<?xml version="1.0" encoding="UTF-8"?>
<testsuite xmlns:xsi="http://www.w3.org/2001/XMLSchema-instance" xsi:noNamespaceSchemaLocation="https://maven.apache.org/surefire/maven-surefire-plugin/xsd/surefire-test-report-3.0.xsd" version="3.0" name="com.xpathautomation.XPathClickAutomationTest" time="4.521" tests="6" errors="0" skipped="3" failures="0">
  <properties>
[...]
</properties>
  <testcase name="testNullXPathList" classname="com.xpathautomation.XPathClickAutomationTest" time="2.393">
    <system-out><![CDATA[Chrome WebDriver başarıyla başlatıldı.
WebDriver başarıyla kapatıldı.
]]></system-out>
    <system-err><![CDATA[SLF4J: No SLF4J providers were found.
SLF4J: Defaulting to no-operation (NOP) logger implementation
SLF4J: See https://www.slf4j.org/codes.html#noProviders for further details.
Ağu 10, 2025 9:41:49 ÖS org.openqa.selenium.devtools.CdpVersionFinder findNearestMatch
WARNING: Unable to find CDP implementation matching 139
Ağu 10, 2025 9:41:49 ÖS org.openqa.selenium.chromium.ChromiumDriver lambda$new$5
WARNING: Unable to find version of CDP to use for 139.0.7258.67. You may need to include a dependency on a specific version of the CDP using something similar to `org.seleniumhq.selenium:selenium-devtools-v86:4.15.0` where the version ("v86") matches the version of the chromium-based browser you're using and the version number of the artifact is the same as Selenium's.
XPath listesi boş veya null!
]]></system-err>
  </testcase>
  <testcase name="testDriverInitialization" classname="com.xpathautomation.XPathClickAutomationTest" time="0.891">
    <system-out><![CDATA[Chrome WebDriver başarıyla başlatıldı.
WebDriver başarıyla kapatıldı.
]]></system-out>
    <system-err><![CDATA[Ağu 10, 2025 9:41:50 ÖS org.openqa.selenium.devtools.CdpVersionFinder findNearestMatch
WARNING: Unable to find CDP implementation matching 139
Ağu 10, 2025 9:41:50 ÖS org.openqa.selenium.chromium.ChromiumDriver lambda$new$5
WARNING: Unable to find version of CDP to use for 139.0.7258.67. You may need to include a dependency on a specific version of the CDP using something similar to `org.seleniumhq.selenium:selenium-devtools-v86:4.15.0` where the version ("v86") matches the version of the chromium-based browser you're using and the version number of the artifact is the same as Selenium's.
]]></system-err>
  </testcase>
  <testcase name="testEmptyXPathList" classname="com.xpathautomation.XPathClickAutomationTest" time="1.104">
    <system-out><![CDATA[Chrome WebDriver başarıyla başlatıldı.
WebDriver başarıyla kapatıldı.
]]></system-out>
    <system-err><![CDATA[Ağu 10, 2025 9:41:51 ÖS org.openqa.selenium.devtools.CdpVersionFinder findNearestMatch
WARNING: Unable to find CDP implementation matching 139
Ağu 10, 2025 9:41:51 ÖS org.openqa.selenium.chromium.ChromiumDriver lambda$new$5
WARNING: Unable to find version of CDP to use for 139.0.7258.67. You may need to include a dependency on a specific version of the CDP using something similar to `org.seleniumhq.selenium:selenium-devtools-v86:4.15.0` where the version ("v86") matches the version of the chromium-based browser you're using and the version number of the artifact is the same as Selenium's.
XPath listesi boş veya null!
]]></system-err>
  </testcase>
  <testcase name="testNavigateToValidUrl" classname="com.xpathautomation.XPathClickAutomationTest" time="0.0">
    <skipped message="Gerçek web sitesi gerektirir, sadece manuel test için"/>
  </testcase>
  <testcase name="testNavigateToInvalidUrl" classname="com.xpathautomation.XPathClickAutomationTest" time="0.0">
    <skipped message="Test ortamında geçersiz URL&apos;ler farklı davranabilir"/>
  </testcase>
  <testcase name="testClickElementByXPath" classname="com.xpathautomation.XPathClickAutomationTest" time="0.0">
    <skipped message="Gerçek web sitesi gerektirir, sadece manuel test için"/>
  </testcase>
</testsuite>